2019-05-27 17:31:28.804  INFO 25776 --- [main] c.m.readlinglist.ReadinglistApplication  : Starting ReadinglistApplication on CNENLIUQ13L1C with PID 25776 (C:\Users\liuq13\aiworkspace\readingliststart\target\classes started by liuq13 in C:\Users\liuq13\aiworkspace\readingliststart)
2019-05-27 17:31:28.826  INFO 25776 --- [main] c.m.readlinglist.ReadinglistApplication  : No active profile set, falling back to default profiles: default
2019-05-27 17:31:29.560  WARN 25776 --- [main] o.m.s.mapper.ClassPathMapperScanner      : No MyBatis mapper was found in '[com.manning.readlinglist]' package. Please check your configuration.
2019-05-27 17:31:29.604  INFO 25776 --- [main] .s.d.r.c.RepositoryConfigurationDelegate : Bootstrapping Spring Data repositories in DEFAULT mode.
2019-05-27 17:31:29.664  INFO 25776 --- [main] .s.d.r.c.RepositoryConfigurationDelegate : Finished Spring Data repository scanning in 51ms. Found 1 repository interfaces.
2019-05-27 17:31:30.112  INFO 25776 --- [main] trationDelegate$BeanPostProcessorChecker : Bean 'org.springframework.transaction.annotation.ProxyTransactionManagementConfiguration' of type [org.springframework.transaction.annotation.ProxyTransactionManagementConfiguration$$EnhancerBySpringCGLIB$$d8d98785] is not eligible for getting processed by all BeanPostProcessors (for example: not eligible for auto-proxying)
2019-05-27 17:31:31.033  INFO 25776 --- [main] o.s.b.w.embedded.tomcat.TomcatWebServer  : Tomcat initialized with port(s): 8099 (http)
2019-05-27 17:31:31.058  INFO 25776 --- [main] o.apache.catalina.core.StandardService   : Starting service [Tomcat]
2019-05-27 17:31:31.059  INFO 25776 --- [main] org.apache.catalina.core.StandardEngine  : Starting Servlet engine: [Apache Tomcat/9.0.17]
2019-05-27 17:31:31.255  INFO 25776 --- [main] o.a.c.c.C.[Tomcat].[localhost].[/]       : Initializing Spring embedded WebApplicationContext
2019-05-27 17:31:31.255  INFO 25776 --- [main] o.s.web.context.ContextLoader            : Root WebApplicationContext: initialization completed in 2377 ms
2019-05-27 17:31:31.540  INFO 25776 --- [main] o.hibernate.jpa.internal.util.LogHelper  : HHH000204: Processing PersistenceUnitInfo [
	name: default
	...]
2019-05-27 17:31:31.624  INFO 25776 --- [main] org.hibernate.Version                    : HHH000412: Hibernate Core {5.3.9.Final}
2019-05-27 17:31:31.626  INFO 25776 --- [main] org.hibernate.cfg.Environment            : HHH000206: hibernate.properties not found
2019-05-27 17:31:31.796  INFO 25776 --- [main] o.hibernate.annotations.common.Version   : HCANN000001: Hibernate Commons Annotations {5.0.4.Final}
2019-05-27 17:31:31.939  INFO 25776 --- [main] com.zaxxer.hikari.HikariDataSource       : HikariPool-1 - Starting...
2019-05-27 17:31:31.942  WARN 25776 --- [main] com.zaxxer.hikari.util.DriverDataSource  : Registered driver with driverClassName=com.mysql.jdbc.Driver was not found, trying direct instantiation.
2019-05-27 17:31:32.123  INFO 25776 --- [main] com.zaxxer.hikari.HikariDataSource       : HikariPool-1 - Start completed.
2019-05-27 17:31:32.138  INFO 25776 --- [main] org.hibernate.dialect.Dialect            : HHH000400: Using dialect: org.hibernate.dialect.MySQL5Dialect
2019-05-27 17:31:32.849  INFO 25776 --- [main] j.LocalContainerEntityManagerFactoryBean : Initialized JPA EntityManagerFactory for persistence unit 'default'
2019-05-27 17:31:33.415  INFO 25776 --- [main] o.s.s.concurrent.ThreadPoolTaskExecutor  : Initializing ExecutorService 'applicationTaskExecutor'
2019-05-27 17:31:33.483  WARN 25776 --- [main] aWebConfiguration$JpaWebMvcConfiguration : spring.jpa.open-in-view is enabled by default. Therefore, database queries may be performed during view rendering. Explicitly configure spring.jpa.open-in-view to disable this warning
2019-05-27 17:31:33.590  WARN 25776 --- [main] org.thymeleaf.templatemode.TemplateMode  : [THYMELEAF][main] Template Mode 'LEGACYHTML5' is deprecated. Using Template Mode 'HTML' instead.
2019-05-27 17:31:33.915  INFO 25776 --- [main] o.s.b.w.embedded.tomcat.TomcatWebServer  : Tomcat started on port(s): 8099 (http) with context path ''
2019-05-27 17:31:33.917  INFO 25776 --- [main] c.m.readlinglist.ReadinglistApplication  : Started ReadinglistApplication in 5.554 seconds (JVM running for 6.073)
2019-05-27 17:31:51.672  INFO 25776 --- [http-nio-8099-exec-1] o.a.c.c.C.[Tomcat].[localhost].[/]       : Initializing Spring DispatcherServlet 'dispatcherServlet'
2019-05-27 17:31:51.673  INFO 25776 --- [http-nio-8099-exec-1] o.s.web.servlet.DispatcherServlet        : Initializing Servlet 'dispatcherServlet'
2019-05-27 17:31:51.684  INFO 25776 --- [http-nio-8099-exec-1] o.s.web.servlet.DispatcherServlet        : Completed initialization in 11 ms
2019-05-27 17:31:51.772  INFO 25776 --- [http-nio-8099-exec-1] o.h.h.i.QueryTranslatorFactoryInitiator  : HHH000397: Using ASTQueryTranslatorFactory
